<?xml version="1.0" encoding="UTF-8"?>
<testng-results ignored="0" total="2" passed="2" failed="0" skipped="0">
  <reporter-output>
  </reporter-output>
  <suite started-at="2023-10-17T19:56:56 IST" name="Default suite" finished-at="2023-10-17T19:56:56 IST" duration-ms="44">
    <groups>
    </groups>
    <test started-at="2023-10-17T19:56:56 IST" name="Default test" finished-at="2023-10-17T19:56:56 IST" duration-ms="44">
      <class name="javapackage.TestNG2">
        <test-method is-config="true" signature="f()[pri:0, instance:javapackage.TestNG2@6d4e5011]" started-at="2023-10-17T19:56:56 IST" name="f" finished-at="2023-10-17T19:56:56 IST" duration-ms="3" status="PASS">
          <reporter-output>
          </reporter-output>
        </test-method> <!-- f -->
        <test-method signature="h()[pri:0, instance:javapackage.TestNG2@6d4e5011]" started-at="2023-10-17T19:56:56 IST" name="h" finished-at="2023-10-17T19:56:56 IST" duration-ms="4" status="PASS">
          <reporter-output>
          </reporter-output>
        </test-method> <!-- h -->
        <test-method is-config="true" signature="s()[pri:0, instance:javapackage.TestNG2@6d4e5011]" started-at="2023-10-17T19:56:56 IST" name="s" finished-at="2023-10-17T19:56:56 IST" duration-ms="1" status="PASS">
          <reporter-output>
          </reporter-output>
        </test-method> <!-- s -->
        <test-method is-config="true" signature="f()[pri:0, instance:javapackage.TestNG2@6d4e5011]" started-at="2023-10-17T19:56:56 IST" name="f" finished-at="2023-10-17T19:56:56 IST" duration-ms="1" status="PASS">
          <reporter-output>
          </reporter-output>
        </test-method> <!-- f -->
        <test-method signature="x()[pri:0, instance:javapackage.TestNG2@6d4e5011]" started-at="2023-10-17T19:56:56 IST" name="x" finished-at="2023-10-17T19:56:56 IST" duration-ms="1" status="PASS">
          <reporter-output>
          </reporter-output>
        </test-method> <!-- x -->
        <test-method is-config="true" signature="s()[pri:0, instance:javapackage.TestNG2@6d4e5011]" started-at="2023-10-17T19:56:56 IST" name="s" finished-at="2023-10-17T19:56:56 IST" duration-ms="1" status="PASS">
          <reporter-output>
          </reporter-output>
        </test-method> <!-- s -->
      </class> <!-- javapackage.TestNG2 -->
    </test> <!-- Default test -->
  </suite> <!-- Default suite -->
</testng-results>
